                              1 ;--------------------------------------------------------
                              2 ; File Created by SDCC : FreeWare ANSI-C Compiler
                              3 ; Version 2.6.0 #4309 (Jul 28 2006)
                              4 ; This file generated Mon Mar 13 13:08:23 2023
                              5 ;--------------------------------------------------------
                              6 	.module _heap
                              7 	.optsdcc -mmcs51 --model-small
                              8 	
                              9 ;--------------------------------------------------------
                             10 ; Public variables in this module
                             11 ;--------------------------------------------------------
                             12 	.globl ___sdcc_heap_size
                             13 	.globl ___sdcc_heap
                             14 ;--------------------------------------------------------
                             15 ; special function registers
                             16 ;--------------------------------------------------------
                             17 	.area RSEG    (DATA)
                             18 ;--------------------------------------------------------
                             19 ; special function bits
                             20 ;--------------------------------------------------------
                             21 	.area RSEG    (DATA)
                             22 ;--------------------------------------------------------
                             23 ; overlayable register banks
                             24 ;--------------------------------------------------------
                             25 	.area REG_BANK_0	(REL,OVR,DATA)
   0000                      26 	.ds 8
                             27 ;--------------------------------------------------------
                             28 ; internal ram data
                             29 ;--------------------------------------------------------
                             30 	.area DSEG    (DATA)
                             31 ;--------------------------------------------------------
                             32 ; overlayable items in internal ram 
                             33 ;--------------------------------------------------------
                             34 	.area OSEG    (OVR,DATA)
                             35 ;--------------------------------------------------------
                             36 ; indirectly addressable internal ram data
                             37 ;--------------------------------------------------------
                             38 	.area ISEG    (DATA)
                             39 ;--------------------------------------------------------
                             40 ; bit data
                             41 ;--------------------------------------------------------
                             42 	.area BSEG    (BIT)
                             43 ;--------------------------------------------------------
                             44 ; paged external ram data
                             45 ;--------------------------------------------------------
                             46 	.area PSEG    (PAG,XDATA)
                             47 ;--------------------------------------------------------
                             48 ; external ram data
                             49 ;--------------------------------------------------------
                             50 	.area XSEG    (XDATA)
   0000                      51 ___sdcc_heap::
   0000                      52 	.ds 6000
                             53 ;--------------------------------------------------------
                             54 ; external initialized ram data
                             55 ;--------------------------------------------------------
                             56 	.area XISEG   (XDATA)
                             57 	.area HOME    (CODE)
                             58 	.area GSINIT0 (CODE)
                             59 	.area GSINIT1 (CODE)
                             60 	.area GSINIT2 (CODE)
                             61 	.area GSINIT3 (CODE)
                             62 	.area GSINIT4 (CODE)
                             63 	.area GSINIT5 (CODE)
                             64 	.area GSINIT  (CODE)
                             65 	.area GSFINAL (CODE)
                             66 	.area CSEG    (CODE)
                             67 ;--------------------------------------------------------
                             68 ; global & static initialisations
                             69 ;--------------------------------------------------------
                             70 	.area HOME    (CODE)
                             71 	.area GSINIT  (CODE)
                             72 	.area GSFINAL (CODE)
                             73 	.area GSINIT  (CODE)
                             74 ;--------------------------------------------------------
                             75 ; Home
                             76 ;--------------------------------------------------------
                             77 	.area HOME    (CODE)
                             78 	.area CSEG    (CODE)
                             79 ;--------------------------------------------------------
                             80 ; code
                             81 ;--------------------------------------------------------
                             82 	.area CSEG    (CODE)
                             83 	.area CSEG    (CODE)
                             84 	.area CONST   (CODE)
   0000                      85 ___sdcc_heap_size:
   0000 70 17                86 	.byte #0x70,#0x17
                             87 	.area XINIT   (CODE)
